{"C:\\Users\\Mytth\\Desktop\\Домашка\\JS 2nd module\\Задания по 2му модулю\\ajs-homeworks-master\\ajs-homeworks-master\\advanced\\Destructuring\\src\\js\\specials_function.js": {"path":"C:\\Users\\Mytth\\Desktop\\Домашка\\JS 2nd module\\Задания по 2му модулю\\ajs-homeworks-master\\ajs-homeworks-master\\advanced\\Destructuring\\src\\js\\specials_function.js","statementMap":{"0":{"start":{"line":2,"column":18},"end":{"line":2,"column":20}},"1":{"start":{"line":3,"column":2},"end":{"line":13,"column":3}},"2":{"start":{"line":6,"column":8},"end":{"line":6,"column":12}},"3":{"start":{"line":7,"column":4},"end":{"line":9,"column":5}},"4":{"start":{"line":8,"column":6},"end":{"line":8,"column":42}},"5":{"start":{"line":10,"column":4},"end":{"line":12,"column":7}},"6":{"start":{"line":14,"column":2},"end":{"line":14,"column":17}}},"fnMap":{"0":{"name":"specials","decl":{"start":{"line":1,"column":24},"end":{"line":1,"column":32}},"loc":{"start":{"line":1,"column":44},"end":{"line":15,"column":1}},"line":1}},"branchMap":{"0":{"loc":{"start":{"line":7,"column":4},"end":{"line":9,"column":5}},"type":"if","locations":[{"start":{"line":7,"column":4},"end":{"line":9,"column":5}},{"start":{},"end":{}}],"line":7}},"s":{"0":1,"1":1,"2":2,"3":2,"4":1,"5":2,"6":1},"f":{"0":1},"b":{"0":[1,1]},"_coverageSchema":"1a1c01bbd47fc00a2c39e90264f33305004495a9","hash":"58d8a86354ce9fe839e439333910e7a19ed6292e"}
}
